============================= test session starts =============================
platform win32 -- Python 3.7.0, pytest-4.3.1, py-1.8.0, pluggy-0.9.0
rootdir: c:\Programs\ISD--ML\python_highlighter, inifile:
collected 1 item

tests\test_highlighter.py .                                              [100%]

============================== warnings summary ===============================
c:\programs\isd--ml\venv\lib\site-packages\werkzeug\datastructures.py:16
c:\programs\isd--ml\venv\lib\site-packages\werkzeug\datastructures.py:16
c:\programs\isd--ml\venv\lib\site-packages\werkzeug\datastructures.py:16
  c:\programs\isd--ml\venv\lib\site-packages\werkzeug\datastructures.py:16: DeprecationWarning: Using or importing the ABCs from 'collections' instead of from 'collections.abc' is deprecated, and in 3.8 it will stop working
    from collections import Container, Iterable, MutableSet

c:\programs\isd--ml\venv\lib\site-packages\jinja2\utils.py:485
  c:\programs\isd--ml\venv\lib\site-packages\jinja2\utils.py:485: DeprecationWarning: Using or importing the ABCs from 'collections' instead of from 'collections.abc' is deprecated, and in 3.8 it will stop working
    from collections import MutableMapping

c:\programs\isd--ml\venv\lib\site-packages\jinja2\runtime.py:318
  c:\programs\isd--ml\venv\lib\site-packages\jinja2\runtime.py:318: DeprecationWarning: Using or importing the ABCs from 'collections' instead of from 'collections.abc' is deprecated, and in 3.8 it will stop working
    from collections import Mapping

-- Docs: https://docs.pytest.org/en/latest/warnings.html
==================== 1 passed, 5 warnings in 0.47 seconds =====================
